<?xml version="1.0" encoding="UTF-8"?>
<!-- Generated by org.testng.reporters.JUnitXMLReporter -->
<testsuite ignored="0" hostname="LAPTOP-M5R7BE59" failures="0" tests="2" name="Error Validations Test" time="52.089" errors="0" timestamp="2025-05-27T21:51:02 ICT">
  <testcase classname="datnd.tests.ErrorValidationsTest" name="LoginErrorValidation" time="0.532"/>
  <testcase classname="datnd.tests.ErrorValidationsTest" name="ProductErrorValidation" time="2.453"/>
</testsuite> <!-- Error Validations Test -->
